<?xml version="1.0" encoding="UTF-8"?>
<!DOCTYPE beans PUBLIC "-//SPRING//DTD BEAN//EN" "http://www.springframework.org/dtd/spring-beans.dtd">
<beans>
    <bean id="test" class="dullbird.spring.demo.ioc.TestFactoryBean"
          init-method="init">


        <property name="interfaceName">
            <value>dullbird.spring.demo.ioc.RealBean</value>
        </property>
        <property name="version">
            <value>${test.a.name}</value>
        </property>
    </bean>
</beans>